<?xml version="1.0" encoding="UTF-8"?>
<!-- Generated by org.testng.reporters.JUnitReportReporter -->
<testsuite hostname="Shivashankar" failures="0" tests="1" name="testcases.Tc1test" time="0.026" errors="0" timestamp="2023-01-05T19:46:53 IST" skipped="0">
  <testcase classname="testcases.Tc1test" name="m1" time="0.026"/>
</testsuite> <!-- testcases.Tc1test -->
